{"/Users/alex/SynologyDrive/Fall quarter 2025/SDEV 372/DnD-Character-Sheet/character-sheet-front-end/src/api/axios.js": {"path":"/Users/alex/SynologyDrive/Fall quarter 2025/SDEV 372/DnD-Character-Sheet/character-sheet-front-end/src/api/axios.js","statementMap":{"0":{"start":{"line":4,"column":16},"end":{"line":4,"column":49}},"1":{"start":{"line":6,"column":22},"end":{"line":11,"column":2}},"2":{"start":{"line":13,"column":0},"end":{"line":24,"column":null}},"3":{"start":{"line":15,"column":20},"end":{"line":15,"column":49}},"4":{"start":{"line":16,"column":6},"end":{"line":18,"column":null}},"5":{"start":{"line":17,"column":9},"end":{"line":17,"column":null}},"6":{"start":{"line":19,"column":6},"end":{"line":19,"column":null}},"7":{"start":{"line":22,"column":6},"end":{"line":22,"column":null}}},"fnMap":{"0":{"name":"(anonymous_0)","decl":{"start":{"line":14,"column":3},"end":{"line":14,"column":4}},"loc":{"start":{"line":14,"column":15},"end":{"line":20,"column":4}},"line":14},"1":{"name":"(anonymous_1)","decl":{"start":{"line":21,"column":3},"end":{"line":21,"column":4}},"loc":{"start":{"line":21,"column":14},"end":{"line":23,"column":null}},"line":21}},"branchMap":{"0":{"loc":{"start":{"line":16,"column":6},"end":{"line":18,"column":null}},"type":"if","locations":[{"start":{"line":16,"column":6},"end":{"line":18,"column":null}},{"start":{},"end":{}}],"line":16}},"s":{"0":1,"1":1,"2":1,"3":0,"4":0,"5":0,"6":0,"7":0},"f":{"0":0,"1":0},"b":{"0":[0,0]},"meta":{"lastBranch":1,"lastFunction":2,"lastStatement":8,"seen":{"s:4:16:4:49":0,"s:6:22:11:2":1,"s:13:0:24:Infinity":2,"f:14:3:14:4":0,"s:15:20:15:49":3,"b:16:6:18:Infinity:undefined:undefined:undefined:undefined":0,"s:16:6:18:Infinity":4,"s:17:9:17:Infinity":5,"s:19:6:19:Infinity":6,"f:21:3:21:4":1,"s:22:6:22:Infinity":7}}}
,"/Users/alex/SynologyDrive/Fall quarter 2025/SDEV 372/DnD-Character-Sheet/character-sheet-front-end/src/api/index.js": {"path":"/Users/alex/SynologyDrive/Fall quarter 2025/SDEV 372/DnD-Character-Sheet/character-sheet-front-end/src/api/index.js","statementMap":{"0":{"start":{"line":3,"column":27},"end":{"line":6,"column":null}},"1":{"start":{"line":4,"column":20},"end":{"line":4,"column":57}},"2":{"start":{"line":5,"column":3},"end":{"line":5,"column":null}},"3":{"start":{"line":8,"column":28},"end":{"line":11,"column":1}},"4":{"start":{"line":9,"column":20},"end":{"line":9,"column":74}},"5":{"start":{"line":10,"column":3},"end":{"line":10,"column":null}},"6":{"start":{"line":13,"column":25},"end":{"line":16,"column":1}},"7":{"start":{"line":14,"column":20},"end":{"line":14,"column":71}},"8":{"start":{"line":15,"column":3},"end":{"line":15,"column":null}},"9":{"start":{"line":18,"column":30},"end":{"line":21,"column":1}},"10":{"start":{"line":19,"column":20},"end":{"line":19,"column":81}},"11":{"start":{"line":20,"column":3},"end":{"line":20,"column":null}},"12":{"start":{"line":23,"column":26},"end":{"line":26,"column":null}},"13":{"start":{"line":24,"column":20},"end":{"line":24,"column":61}},"14":{"start":{"line":25,"column":3},"end":{"line":25,"column":null}}},"fnMap":{"0":{"name":"(anonymous_0)","decl":{"start":{"line":3,"column":27},"end":{"line":3,"column":32}},"loc":{"start":{"line":3,"column":39},"end":{"line":6,"column":null}},"line":3},"1":{"name":"(anonymous_1)","decl":{"start":{"line":8,"column":28},"end":{"line":8,"column":33}},"loc":{"start":{"line":8,"column":51},"end":{"line":11,"column":1}},"line":8},"2":{"name":"(anonymous_2)","decl":{"start":{"line":13,"column":25},"end":{"line":13,"column":30}},"loc":{"start":{"line":13,"column":48},"end":{"line":16,"column":1}},"line":13},"3":{"name":"(anonymous_3)","decl":{"start":{"line":18,"column":30},"end":{"line":18,"column":35}},"loc":{"start":{"line":18,"column":53},"end":{"line":21,"column":1}},"line":18},"4":{"name":"(anonymous_4)","decl":{"start":{"line":23,"column":26},"end":{"line":23,"column":31}},"loc":{"start":{"line":23,"column":38},"end":{"line":26,"column":null}},"line":23}},"branchMap":{},"s":{"0":1,"1":1,"2":1,"3":1,"4":1,"5":1,"6":1,"7":1,"8":1,"9":1,"10":1,"11":1,"12":1,"13":1,"14":1},"f":{"0":1,"1":1,"2":1,"3":1,"4":1},"b":{},"meta":{"lastBranch":0,"lastFunction":5,"lastStatement":15,"seen":{"s:3:27:6:Infinity":0,"f:3:27:3:32":0,"s:4:20:4:57":1,"s:5:3:5:Infinity":2,"s:8:28:11:1":3,"f:8:28:8:33":1,"s:9:20:9:74":4,"s:10:3:10:Infinity":5,"s:13:25:16:1":6,"f:13:25:13:30":2,"s:14:20:14:71":7,"s:15:3:15:Infinity":8,"s:18:30:21:1":9,"f:18:30:18:35":3,"s:19:20:19:81":10,"s:20:3:20:Infinity":11,"s:23:26:26:Infinity":12,"f:23:26:23:31":4,"s:24:20:24:61":13,"s:25:3:25:Infinity":14}}}
}
