{"/Users/alex/SynologyDrive/Fall quarter 2025/SDEV 372/DnD-Character-Sheet/character-sheet-front-end/src/api/axios.js": {"path":"/Users/alex/SynologyDrive/Fall quarter 2025/SDEV 372/DnD-Character-Sheet/character-sheet-front-end/src/api/axios.js","statementMap":{"0":{"start":{"line":4,"column":16},"end":{"line":4,"column":49}},"1":{"start":{"line":6,"column":22},"end":{"line":11,"column":2}},"2":{"start":{"line":13,"column":0},"end":{"line":24,"column":null}},"3":{"start":{"line":15,"column":20},"end":{"line":15,"column":49}},"4":{"start":{"line":16,"column":6},"end":{"line":18,"column":null}},"5":{"start":{"line":17,"column":9},"end":{"line":17,"column":null}},"6":{"start":{"line":19,"column":6},"end":{"line":19,"column":null}},"7":{"start":{"line":22,"column":6},"end":{"line":22,"column":null}}},"fnMap":{"0":{"name":"(anonymous_0)","decl":{"start":{"line":14,"column":3},"end":{"line":14,"column":4}},"loc":{"start":{"line":14,"column":15},"end":{"line":20,"column":4}},"line":14},"1":{"name":"(anonymous_1)","decl":{"start":{"line":21,"column":3},"end":{"line":21,"column":4}},"loc":{"start":{"line":21,"column":14},"end":{"line":23,"column":null}},"line":21}},"branchMap":{"0":{"loc":{"start":{"line":16,"column":6},"end":{"line":18,"column":null}},"type":"if","locations":[{"start":{"line":16,"column":6},"end":{"line":18,"column":null}},{"start":{},"end":{}}],"line":16}},"s":{"0":1,"1":1,"2":1,"3":0,"4":0,"5":0,"6":0,"7":0},"f":{"0":0,"1":0},"b":{"0":[0,0]},"meta":{"lastBranch":1,"lastFunction":2,"lastStatement":8,"seen":{"s:4:16:4:49":0,"s:6:22:11:2":1,"s:13:0:24:Infinity":2,"f:14:3:14:4":0,"s:15:20:15:49":3,"b:16:6:18:Infinity:undefined:undefined:undefined:undefined":0,"s:16:6:18:Infinity":4,"s:17:9:17:Infinity":5,"s:19:6:19:Infinity":6,"f:21:3:21:4":1,"s:22:6:22:Infinity":7}}}
,"/Users/alex/SynologyDrive/Fall quarter 2025/SDEV 372/DnD-Character-Sheet/character-sheet-front-end/src/api/index.js": {"path":"/Users/alex/SynologyDrive/Fall quarter 2025/SDEV 372/DnD-Character-Sheet/character-sheet-front-end/src/api/index.js","statementMap":{"0":{"start":{"line":3,"column":27},"end":{"line":6,"column":null}},"1":{"start":{"line":4,"column":20},"end":{"line":4,"column":57}},"2":{"start":{"line":5,"column":3},"end":{"line":5,"column":null}},"3":{"start":{"line":8,"column":28},"end":{"line":11,"column":1}},"4":{"start":{"line":9,"column":20},"end":{"line":9,"column":74}},"5":{"start":{"line":10,"column":3},"end":{"line":10,"column":null}},"6":{"start":{"line":13,"column":25},"end":{"line":16,"column":1}},"7":{"start":{"line":14,"column":20},"end":{"line":14,"column":71}},"8":{"start":{"line":15,"column":3},"end":{"line":15,"column":null}},"9":{"start":{"line":18,"column":30},"end":{"line":21,"column":1}},"10":{"start":{"line":19,"column":20},"end":{"line":19,"column":81}},"11":{"start":{"line":20,"column":3},"end":{"line":20,"column":null}},"12":{"start":{"line":23,"column":26},"end":{"line":26,"column":1}},"13":{"start":{"line":24,"column":20},"end":{"line":24,"column":61}},"14":{"start":{"line":25,"column":3},"end":{"line":25,"column":null}}},"fnMap":{"0":{"name":"(anonymous_0)","decl":{"start":{"line":3,"column":27},"end":{"line":3,"column":32}},"loc":{"start":{"line":3,"column":39},"end":{"line":6,"column":null}},"line":3},"1":{"name":"(anonymous_1)","decl":{"start":{"line":8,"column":28},"end":{"line":8,"column":33}},"loc":{"start":{"line":8,"column":51},"end":{"line":11,"column":1}},"line":8},"2":{"name":"(anonymous_2)","decl":{"start":{"line":13,"column":25},"end":{"line":13,"column":30}},"loc":{"start":{"line":13,"column":48},"end":{"line":16,"column":1}},"line":13},"3":{"name":"(anonymous_3)","decl":{"start":{"line":18,"column":30},"end":{"line":18,"column":35}},"loc":{"start":{"line":18,"column":53},"end":{"line":21,"column":1}},"line":18},"4":{"name":"(anonymous_4)","decl":{"start":{"line":23,"column":26},"end":{"line":23,"column":31}},"loc":{"start":{"line":23,"column":38},"end":{"line":26,"column":1}},"line":23}},"branchMap":{},"s":{"0":1,"1":1,"2":1,"3":1,"4":1,"5":1,"6":1,"7":1,"8":1,"9":1,"10":1,"11":1,"12":1,"13":1,"14":1},"f":{"0":1,"1":1,"2":1,"3":1,"4":1},"b":{},"meta":{"lastBranch":0,"lastFunction":5,"lastStatement":15,"seen":{"s:3:27:6:Infinity":0,"f:3:27:3:32":0,"s:4:20:4:57":1,"s:5:3:5:Infinity":2,"s:8:28:11:1":3,"f:8:28:8:33":1,"s:9:20:9:74":4,"s:10:3:10:Infinity":5,"s:13:25:16:1":6,"f:13:25:13:30":2,"s:14:20:14:71":7,"s:15:3:15:Infinity":8,"s:18:30:21:1":9,"f:18:30:18:35":3,"s:19:20:19:81":10,"s:20:3:20:Infinity":11,"s:23:26:26:1":12,"f:23:26:23:31":4,"s:24:20:24:61":13,"s:25:3:25:Infinity":14}}}
,"/Users/alex/SynologyDrive/Fall quarter 2025/SDEV 372/DnD-Character-Sheet/character-sheet-front-end/src/components/CharacterSheet.jsx": {"path":"/Users/alex/SynologyDrive/Fall quarter 2025/SDEV 372/DnD-Character-Sheet/character-sheet-front-end/src/components/CharacterSheet.jsx","statementMap":{"0":{"start":{"line":14,"column":16},"end":{"line":27,"column":null}},"1":{"start":{"line":15,"column":3},"end":{"line":27,"column":null}},"2":{"start":{"line":30,"column":18},"end":{"line":36,"column":null}},"3":{"start":{"line":31,"column":3},"end":{"line":36,"column":null}},"4":{"start":{"line":40,"column":3},"end":{"line":157,"column":null}}},"fnMap":{"0":{"name":"(anonymous_0)","decl":{"start":{"line":14,"column":16},"end":{"line":14,"column":17}},"loc":{"start":{"line":15,"column":3},"end":{"line":27,"column":null}},"line":15},"1":{"name":"(anonymous_1)","decl":{"start":{"line":30,"column":18},"end":{"line":30,"column":19}},"loc":{"start":{"line":31,"column":3},"end":{"line":36,"column":null}},"line":31},"2":{"name":"CharacterSheet","decl":{"start":{"line":39,"column":9},"end":{"line":39,"column":26}},"loc":{"start":{"line":39,"column":26},"end":{"line":159,"column":null}},"line":39}},"branchMap":{},"s":{"0":1,"1":18,"2":1,"3":10,"4":2},"f":{"0":18,"1":10,"2":2},"b":{},"meta":{"lastBranch":0,"lastFunction":3,"lastStatement":5,"seen":{"s:14:16:27:Infinity":0,"f:14:16:14:17":0,"s:15:3:27:Infinity":1,"s:30:18:36:Infinity":2,"f:30:18:30:19":1,"s:31:3:36:Infinity":3,"f:39:9:39:26":2,"s:40:3:157:Infinity":4}}}
,"/Users/alex/SynologyDrive/Fall quarter 2025/SDEV 372/DnD-Character-Sheet/character-sheet-front-end/src/components/ForgotPassword.jsx": {"path":"/Users/alex/SynologyDrive/Fall quarter 2025/SDEV 372/DnD-Character-Sheet/character-sheet-front-end/src/components/ForgotPassword.jsx","statementMap":{"0":{"start":{"line":21,"column":25},"end":{"line":27,"column":null}},"1":{"start":{"line":38,"column":3},"end":{"line":38,"column":null}},"2":{"start":{"line":40,"column":24},"end":{"line":47,"column":null}},"3":{"start":{"line":41,"column":34},"end":{"line":41,"column":null}},"4":{"start":{"line":42,"column":24},"end":{"line":42,"column":null}},"5":{"start":{"line":43,"column":6},"end":{"line":46,"column":null}},"6":{"start":{"line":43,"column":33},"end":{"line":46,"column":8}},"7":{"start":{"line":49,"column":24},"end":{"line":89,"column":null}},"8":{"start":{"line":50,"column":6},"end":{"line":50,"column":null}},"9":{"start":{"line":51,"column":6},"end":{"line":51,"column":null}},"10":{"start":{"line":52,"column":6},"end":{"line":52,"column":null}},"11":{"start":{"line":54,"column":6},"end":{"line":57,"column":null}},"12":{"start":{"line":55,"column":9},"end":{"line":55,"column":null}},"13":{"start":{"line":56,"column":9},"end":{"line":56,"column":null}},"14":{"start":{"line":59,"column":28},"end":{"line":59,"column":null}},"15":{"start":{"line":61,"column":22},"end":{"line":65,"column":null}},"16":{"start":{"line":67,"column":6},"end":{"line":88,"column":null}},"17":{"start":{"line":69,"column":12},"end":{"line":69,"column":null}},"18":{"start":{"line":72,"column":15},"end":{"line":73,"column":null}},"19":{"start":{"line":75,"column":12},"end":{"line":81,"column":null}},"20":{"start":{"line":76,"column":15},"end":{"line":79,"column":null}},"21":{"start":{"line":77,"column":18},"end":{"line":77,"column":null}},"22":{"start":{"line":78,"column":18},"end":{"line":78,"column":null}},"23":{"start":{"line":80,"column":15},"end":{"line":80,"column":null}},"24":{"start":{"line":83,"column":12},"end":{"line":86,"column":null}},"25":{"start":{"line":84,"column":15},"end":{"line":84,"column":null}},"26":{"start":{"line":85,"column":15},"end":{"line":85,"column":null}},"27":{"start":{"line":88,"column":22},"end":{"line":88,"column":59}},"28":{"start":{"line":91,"column":3},"end":{"line":224,"column":null}},"29":{"start":{"line":109,"column":39},"end":{"line":109,"column":null}},"30":{"start":{"line":162,"column":30},"end":{"line":164,"column":null}}},"fnMap":{"0":{"name":"ForgotPassword","decl":{"start":{"line":29,"column":9},"end":{"line":29,"column":24}},"loc":{"start":{"line":29,"column":61},"end":{"line":226,"column":null}},"line":29},"1":{"name":"(anonymous_1)","decl":{"start":{"line":40,"column":24},"end":{"line":40,"column":25}},"loc":{"start":{"line":40,"column":35},"end":{"line":47,"column":null}},"line":40},"2":{"name":"(anonymous_2)","decl":{"start":{"line":43,"column":18},"end":{"line":43,"column":19}},"loc":{"start":{"line":43,"column":33},"end":{"line":46,"column":8}},"line":43},"3":{"name":"(anonymous_3)","decl":{"start":{"line":49,"column":24},"end":{"line":49,"column":25}},"loc":{"start":{"line":49,"column":35},"end":{"line":89,"column":null}},"line":49},"4":{"name":"(anonymous_4)","decl":{"start":{"line":68,"column":15},"end":{"line":68,"column":21}},"loc":{"start":{"line":68,"column":21},"end":{"line":87,"column":10}},"line":68},"5":{"name":"(anonymous_5)","decl":{"start":{"line":76,"column":26},"end":{"line":76,"column":32}},"loc":{"start":{"line":76,"column":32},"end":{"line":79,"column":18}},"line":76},"6":{"name":"(anonymous_6)","decl":{"start":{"line":83,"column":23},"end":{"line":83,"column":29}},"loc":{"start":{"line":83,"column":29},"end":{"line":86,"column":15}},"line":83},"7":{"name":"(anonymous_7)","decl":{"start":{"line":88,"column":16},"end":{"line":88,"column":22}},"loc":{"start":{"line":88,"column":22},"end":{"line":88,"column":59}},"line":88},"8":{"name":"(anonymous_8)","decl":{"start":{"line":109,"column":28},"end":{"line":109,"column":29}},"loc":{"start":{"line":109,"column":39},"end":{"line":109,"column":null}},"line":109},"9":{"name":"(anonymous_9)","decl":{"start":{"line":161,"column":50},"end":{"line":161,"column":51}},"loc":{"start":{"line":162,"column":30},"end":{"line":164,"column":null}},"line":162}},"branchMap":{"0":{"loc":{"start":{"line":42,"column":24},"end":{"line":42,"column":null}},"type":"binary-expr","locations":[{"start":{"line":42,"column":24},"end":{"line":42,"column":32}},{"start":{"line":42,"column":32},"end":{"line":42,"column":null}}],"line":42},"1":{"loc":{"start":{"line":54,"column":6},"end":{"line":57,"column":null}},"type":"if","locations":[{"start":{"line":54,"column":6},"end":{"line":57,"column":null}},{"start":{},"end":{}}],"line":54},"2":{"loc":{"start":{"line":72,"column":15},"end":{"line":73,"column":null}},"type":"binary-expr","locations":[{"start":{"line":72,"column":15},"end":{"line":72,"column":null}},{"start":{"line":73,"column":15},"end":{"line":73,"column":null}}],"line":72},"3":{"loc":{"start":{"line":75,"column":12},"end":{"line":81,"column":null}},"type":"if","locations":[{"start":{"line":75,"column":12},"end":{"line":81,"column":null}},{"start":{},"end":{}}],"line":75},"4":{"loc":{"start":{"line":116,"column":16},"end":{"line":119,"column":null}},"type":"binary-expr","locations":[{"start":{"line":116,"column":16},"end":{"line":116,"column":null}},{"start":{"line":117,"column":18},"end":{"line":119,"column":null}}],"line":116},"5":{"loc":{"start":{"line":121,"column":16},"end":{"line":124,"column":null}},"type":"binary-expr","locations":[{"start":{"line":121,"column":16},"end":{"line":121,"column":null}},{"start":{"line":122,"column":18},"end":{"line":124,"column":null}}],"line":121},"6":{"loc":{"start":{"line":127,"column":16},"end":{"line":207,"column":null}},"type":"binary-expr","locations":[{"start":{"line":127,"column":16},"end":{"line":127,"column":null}},{"start":{"line":128,"column":18},"end":{"line":207,"column":null}}],"line":127},"7":{"loc":{"start":{"line":211,"column":16},"end":{"line":220,"column":null}},"type":"cond-expr","locations":[{"start":{"line":212,"column":18},"end":{"line":214,"column":null}},{"start":{"line":216,"column":18},"end":{"line":220,"column":null}}],"line":211}},"s":{"0":1,"1":57,"2":57,"3":52,"4":52,"5":52,"6":52,"7":57,"8":2,"9":2,"10":2,"11":2,"12":1,"13":1,"14":1,"15":1,"16":1,"17":1,"18":1,"19":1,"20":1,"21":1,"22":1,"23":1,"24":0,"25":0,"26":0,"27":0,"28":57,"29":56,"30":165},"f":{"0":57,"1":52,"2":52,"3":2,"4":1,"5":1,"6":0,"7":0,"8":56,"9":165},"b":{"0":[52,50],"1":[1,1],"2":[1,0],"3":[1,0],"4":[57,2],"5":[57,1],"6":[57,55],"7":[2,55]},"meta":{"lastBranch":8,"lastFunction":10,"lastStatement":31,"seen":{"s:21:25:27:Infinity":0,"f:29:9:29:24":0,"s:38:3:38:Infinity":1,"s:40:24:47:Infinity":2,"f:40:24:40:25":1,"s:41:34:41:Infinity":3,"s:42:24:42:Infinity":4,"b:42:24:42:32:42:32:42:Infinity":0,"s:43:6:46:Infinity":5,"f:43:18:43:19":2,"s:43:33:46:8":6,"s:49:24:89:Infinity":7,"f:49:24:49:25":3,"s:50:6:50:Infinity":8,"s:51:6:51:Infinity":9,"s:52:6:52:Infinity":10,"b:54:6:57:Infinity:undefined:undefined:undefined:undefined":1,"s:54:6:57:Infinity":11,"s:55:9:55:Infinity":12,"s:56:9:56:Infinity":13,"s:59:28:59:Infinity":14,"s:61:22:65:Infinity":15,"s:67:6:88:Infinity":16,"f:68:15:68:21":4,"s:69:12:69:Infinity":17,"s:72:15:73:Infinity":18,"b:72:15:72:Infinity:73:15:73:Infinity":2,"b:75:12:81:Infinity:undefined:undefined:undefined:undefined":3,"s:75:12:81:Infinity":19,"s:76:15:79:Infinity":20,"f:76:26:76:32":5,"s:77:18:77:Infinity":21,"s:78:18:78:Infinity":22,"s:80:15:80:Infinity":23,"s:83:12:86:Infinity":24,"f:83:23:83:29":6,"s:84:15:84:Infinity":25,"s:85:15:85:Infinity":26,"f:88:16:88:22":7,"s:88:22:88:59":27,"s:91:3:224:Infinity":28,"f:109:28:109:29":8,"s:109:39:109:Infinity":29,"b:116:16:116:Infinity:117:18:119:Infinity":4,"b:121:16:121:Infinity:122:18:124:Infinity":5,"b:127:16:127:Infinity:128:18:207:Infinity":6,"f:161:50:161:51":9,"s:162:30:164:Infinity":30,"b:212:18:214:Infinity:216:18:220:Infinity":7}}}
,"/Users/alex/SynologyDrive/Fall quarter 2025/SDEV 372/DnD-Character-Sheet/character-sheet-front-end/src/components/SettingsMenu.jsx": {"path":"/Users/alex/SynologyDrive/Fall quarter 2025/SDEV 372/DnD-Character-Sheet/character-sheet-front-end/src/components/SettingsMenu.jsx","statementMap":{"0":{"start":{"line":9,"column":35},"end":{"line":9,"column":null}},"1":{"start":{"line":10,"column":22},"end":{"line":10,"column":null}},"2":{"start":{"line":12,"column":26},"end":{"line":14,"column":null}},"3":{"start":{"line":13,"column":6},"end":{"line":13,"column":null}},"4":{"start":{"line":16,"column":27},"end":{"line":18,"column":null}},"5":{"start":{"line":17,"column":6},"end":{"line":17,"column":null}},"6":{"start":{"line":20,"column":3},"end":{"line":48,"column":null}},"7":{"start":{"line":38,"column":18},"end":{"line":38,"column":null}},"8":{"start":{"line":39,"column":18},"end":{"line":39,"column":null}}},"fnMap":{"0":{"name":"SettingsMenu","decl":{"start":{"line":8,"column":9},"end":{"line":8,"column":22}},"loc":{"start":{"line":8,"column":43},"end":{"line":50,"column":null}},"line":8},"1":{"name":"(anonymous_1)","decl":{"start":{"line":12,"column":26},"end":{"line":12,"column":27}},"loc":{"start":{"line":12,"column":37},"end":{"line":14,"column":null}},"line":12},"2":{"name":"(anonymous_2)","decl":{"start":{"line":16,"column":27},"end":{"line":16,"column":33}},"loc":{"start":{"line":16,"column":33},"end":{"line":18,"column":null}},"line":16},"3":{"name":"(anonymous_3)","decl":{"start":{"line":37,"column":24},"end":{"line":37,"column":30}},"loc":{"start":{"line":37,"column":30},"end":{"line":40,"column":null}},"line":37}},"branchMap":{},"s":{"0":3,"1":3,"2":3,"3":1,"4":3,"5":1,"6":3,"7":1,"8":1},"f":{"0":3,"1":1,"2":1,"3":1},"b":{},"meta":{"lastBranch":0,"lastFunction":4,"lastStatement":9,"seen":{"f:8:9:8:22":0,"s:9:35:9:Infinity":0,"s:10:22:10:Infinity":1,"s:12:26:14:Infinity":2,"f:12:26:12:27":1,"s:13:6:13:Infinity":3,"s:16:27:18:Infinity":4,"f:16:27:16:33":2,"s:17:6:17:Infinity":5,"s:20:3:48:Infinity":6,"f:37:24:37:30":3,"s:38:18:38:Infinity":7,"s:39:18:39:Infinity":8}}}
,"/Users/alex/SynologyDrive/Fall quarter 2025/SDEV 372/DnD-Character-Sheet/character-sheet-front-end/src/components/UserDelete.jsx": {"path":"/Users/alex/SynologyDrive/Fall quarter 2025/SDEV 372/DnD-Character-Sheet/character-sheet-front-end/src/components/UserDelete.jsx","statementMap":{"0":{"start":{"line":15,"column":18},"end":{"line":15,"column":null}},"1":{"start":{"line":16,"column":47},"end":{"line":16,"column":null}},"2":{"start":{"line":17,"column":25},"end":{"line":17,"column":null}},"3":{"start":{"line":19,"column":23},"end":{"line":19,"column":null}},"4":{"start":{"line":21,"column":24},"end":{"line":36,"column":null}},"5":{"start":{"line":22,"column":6},"end":{"line":25,"column":null}},"6":{"start":{"line":23,"column":9},"end":{"line":23,"column":null}},"7":{"start":{"line":24,"column":9},"end":{"line":24,"column":null}},"8":{"start":{"line":26,"column":6},"end":{"line":26,"column":null}},"9":{"start":{"line":28,"column":6},"end":{"line":35,"column":null}},"10":{"start":{"line":29,"column":9},"end":{"line":29,"column":null}},"11":{"start":{"line":30,"column":9},"end":{"line":30,"column":null}},"12":{"start":{"line":31,"column":9},"end":{"line":31,"column":null}},"13":{"start":{"line":33,"column":9},"end":{"line":33,"column":null}},"14":{"start":{"line":34,"column":9},"end":{"line":34,"column":null}},"15":{"start":{"line":38,"column":23},"end":{"line":42,"column":null}},"16":{"start":{"line":39,"column":6},"end":{"line":39,"column":null}},"17":{"start":{"line":40,"column":6},"end":{"line":40,"column":null}},"18":{"start":{"line":41,"column":6},"end":{"line":41,"column":null}},"19":{"start":{"line":44,"column":3},"end":{"line":91,"column":null}},"20":{"start":{"line":72,"column":32},"end":{"line":72,"column":null}}},"fnMap":{"0":{"name":"UserDelete","decl":{"start":{"line":14,"column":9},"end":{"line":14,"column":20}},"loc":{"start":{"line":14,"column":42},"end":{"line":93,"column":null}},"line":14},"1":{"name":"(anonymous_1)","decl":{"start":{"line":21,"column":24},"end":{"line":21,"column":36}},"loc":{"start":{"line":21,"column":36},"end":{"line":36,"column":null}},"line":21},"2":{"name":"(anonymous_2)","decl":{"start":{"line":38,"column":23},"end":{"line":38,"column":29}},"loc":{"start":{"line":38,"column":29},"end":{"line":42,"column":null}},"line":38},"3":{"name":"(anonymous_3)","decl":{"start":{"line":72,"column":25},"end":{"line":72,"column":26}},"loc":{"start":{"line":72,"column":32},"end":{"line":72,"column":null}},"line":72}},"branchMap":{"0":{"loc":{"start":{"line":22,"column":6},"end":{"line":25,"column":null}},"type":"if","locations":[{"start":{"line":22,"column":6},"end":{"line":25,"column":null}},{"start":{},"end":{}}],"line":22},"1":{"loc":{"start":{"line":57,"column":13},"end":{"line":60,"column":null}},"type":"binary-expr","locations":[{"start":{"line":57,"column":13},"end":{"line":57,"column":null}},{"start":{"line":58,"column":15},"end":{"line":60,"column":null}}],"line":57}},"s":{"0":17,"1":17,"2":17,"3":17,"4":17,"5":1,"6":0,"7":0,"8":1,"9":1,"10":1,"11":1,"12":1,"13":0,"14":0,"15":17,"16":0,"17":0,"18":0,"19":17,"20":14},"f":{"0":17,"1":1,"2":0,"3":14},"b":{"0":[0,1],"1":[17,0]},"meta":{"lastBranch":2,"lastFunction":4,"lastStatement":21,"seen":{"f:14:9:14:20":0,"s:15:18:15:Infinity":0,"s:16:47:16:Infinity":1,"s:17:25:17:Infinity":2,"s:19:23:19:Infinity":3,"s:21:24:36:Infinity":4,"f:21:24:21:36":1,"b:22:6:25:Infinity:undefined:undefined:undefined:undefined":0,"s:22:6:25:Infinity":5,"s:23:9:23:Infinity":6,"s:24:9:24:Infinity":7,"s:26:6:26:Infinity":8,"s:28:6:35:Infinity":9,"s:29:9:29:Infinity":10,"s:30:9:30:Infinity":11,"s:31:9:31:Infinity":12,"s:33:9:33:Infinity":13,"s:34:9:34:Infinity":14,"s:38:23:42:Infinity":15,"f:38:23:38:29":2,"s:39:6:39:Infinity":16,"s:40:6:40:Infinity":17,"s:41:6:41:Infinity":18,"s:44:3:91:Infinity":19,"b:57:13:57:Infinity:58:15:60:Infinity":1,"f:72:25:72:26":3,"s:72:32:72:Infinity":20}}}
,"/Users/alex/SynologyDrive/Fall quarter 2025/SDEV 372/DnD-Character-Sheet/character-sheet-front-end/src/components/UserLogin.jsx": {"path":"/Users/alex/SynologyDrive/Fall quarter 2025/SDEV 372/DnD-Character-Sheet/character-sheet-front-end/src/components/UserLogin.jsx","statementMap":{"0":{"start":{"line":18,"column":25},"end":{"line":21,"column":null}},"1":{"start":{"line":29,"column":17},"end":{"line":29,"column":null}},"2":{"start":{"line":30,"column":63},"end":{"line":33,"column":null}},"3":{"start":{"line":35,"column":24},"end":{"line":41,"column":null}},"4":{"start":{"line":36,"column":28},"end":{"line":36,"column":null}},"5":{"start":{"line":37,"column":6},"end":{"line":40,"column":null}},"6":{"start":{"line":37,"column":33},"end":{"line":40,"column":8}},"7":{"start":{"line":43,"column":24},"end":{"line":56,"column":null}},"8":{"start":{"line":44,"column":6},"end":{"line":44,"column":null}},"9":{"start":{"line":45,"column":6},"end":{"line":45,"column":null}},"10":{"start":{"line":47,"column":6},"end":{"line":55,"column":null}},"11":{"start":{"line":49,"column":12},"end":{"line":49,"column":null}},"12":{"start":{"line":50,"column":12},"end":{"line":50,"column":null}},"13":{"start":{"line":53,"column":12},"end":{"line":53,"column":null}},"14":{"start":{"line":54,"column":12},"end":{"line":54,"column":null}},"15":{"start":{"line":58,"column":3},"end":{"line":148,"column":null}},"16":{"start":{"line":76,"column":39},"end":{"line":76,"column":null}}},"fnMap":{"0":{"name":"UserLogin","decl":{"start":{"line":23,"column":9},"end":{"line":23,"column":19}},"loc":{"start":{"line":28,"column":3},"end":{"line":150,"column":null}},"line":28},"1":{"name":"(anonymous_1)","decl":{"start":{"line":35,"column":24},"end":{"line":35,"column":25}},"loc":{"start":{"line":35,"column":35},"end":{"line":41,"column":null}},"line":35},"2":{"name":"(anonymous_2)","decl":{"start":{"line":37,"column":18},"end":{"line":37,"column":19}},"loc":{"start":{"line":37,"column":33},"end":{"line":40,"column":8}},"line":37},"3":{"name":"(anonymous_3)","decl":{"start":{"line":43,"column":24},"end":{"line":43,"column":25}},"loc":{"start":{"line":43,"column":35},"end":{"line":56,"column":null}},"line":43},"4":{"name":"(anonymous_4)","decl":{"start":{"line":48,"column":15},"end":{"line":48,"column":16}},"loc":{"start":{"line":48,"column":25},"end":{"line":51,"column":10}},"line":48},"5":{"name":"(anonymous_5)","decl":{"start":{"line":52,"column":16},"end":{"line":52,"column":17}},"loc":{"start":{"line":52,"column":25},"end":{"line":55,"column":10}},"line":52},"6":{"name":"(anonymous_6)","decl":{"start":{"line":76,"column":28},"end":{"line":76,"column":29}},"loc":{"start":{"line":76,"column":39},"end":{"line":76,"column":null}},"line":76}},"branchMap":{"0":{"loc":{"start":{"line":85,"column":16},"end":{"line":88,"column":null}},"type":"binary-expr","locations":[{"start":{"line":85,"column":16},"end":{"line":85,"column":null}},{"start":{"line":86,"column":18},"end":{"line":88,"column":null}}],"line":85}},"s":{"0":1,"1":45,"2":45,"3":45,"4":38,"5":38,"6":38,"7":45,"8":2,"9":2,"10":2,"11":1,"12":1,"13":1,"14":1,"15":45,"16":43},"f":{"0":45,"1":38,"2":38,"3":2,"4":1,"5":1,"6":43},"b":{"0":[45,2]},"meta":{"lastBranch":1,"lastFunction":7,"lastStatement":17,"seen":{"s:18:25:21:Infinity":0,"f:23:9:23:19":0,"s:29:17:29:Infinity":1,"s:30:63:33:Infinity":2,"s:35:24:41:Infinity":3,"f:35:24:35:25":1,"s:36:28:36:Infinity":4,"s:37:6:40:Infinity":5,"f:37:18:37:19":2,"s:37:33:40:8":6,"s:43:24:56:Infinity":7,"f:43:24:43:25":3,"s:44:6:44:Infinity":8,"s:45:6:45:Infinity":9,"s:47:6:55:Infinity":10,"f:48:15:48:16":4,"s:49:12:49:Infinity":11,"s:50:12:50:Infinity":12,"f:52:16:52:17":5,"s:53:12:53:Infinity":13,"s:54:12:54:Infinity":14,"s:58:3:148:Infinity":15,"f:76:28:76:29":6,"s:76:39:76:Infinity":16,"b:85:16:85:Infinity:86:18:88:Infinity":0}}}
,"/Users/alex/SynologyDrive/Fall quarter 2025/SDEV 372/DnD-Character-Sheet/character-sheet-front-end/src/components/UserRegister.jsx": {"path":"/Users/alex/SynologyDrive/Fall quarter 2025/SDEV 372/DnD-Character-Sheet/character-sheet-front-end/src/components/UserRegister.jsx","statementMap":{"0":{"start":{"line":18,"column":26},"end":{"line":23,"column":null}},"1":{"start":{"line":25,"column":19},"end":{"line":32,"column":null}},"2":{"start":{"line":35,"column":30},"end":{"line":44,"column":null}},"3":{"start":{"line":46,"column":24},"end":{"line":46,"column":null}},"4":{"start":{"line":47,"column":28},"end":{"line":47,"column":null}},"5":{"start":{"line":48,"column":32},"end":{"line":48,"column":null}},"6":{"start":{"line":50,"column":23},"end":{"line":54,"column":null}},"7":{"start":{"line":51,"column":32},"end":{"line":51,"column":null}},"8":{"start":{"line":52,"column":22},"end":{"line":52,"column":null}},"9":{"start":{"line":53,"column":4},"end":{"line":53,"column":null}},"10":{"start":{"line":53,"column":27},"end":{"line":53,"column":59}},"11":{"start":{"line":56,"column":23},"end":{"line":112,"column":null}},"12":{"start":{"line":57,"column":4},"end":{"line":57,"column":null}},"13":{"start":{"line":58,"column":4},"end":{"line":58,"column":null}},"14":{"start":{"line":59,"column":4},"end":{"line":59,"column":null}},"15":{"start":{"line":61,"column":4},"end":{"line":64,"column":null}},"16":{"start":{"line":62,"column":6},"end":{"line":62,"column":null}},"17":{"start":{"line":63,"column":6},"end":{"line":63,"column":null}},"18":{"start":{"line":66,"column":4},"end":{"line":69,"column":null}},"19":{"start":{"line":67,"column":6},"end":{"line":67,"column":null}},"20":{"start":{"line":68,"column":6},"end":{"line":68,"column":null}},"21":{"start":{"line":71,"column":4},"end":{"line":74,"column":null}},"22":{"start":{"line":72,"column":6},"end":{"line":72,"column":null}},"23":{"start":{"line":73,"column":6},"end":{"line":73,"column":null}},"24":{"start":{"line":76,"column":20},"end":{"line":83,"column":null}},"25":{"start":{"line":85,"column":4},"end":{"line":85,"column":null}},"26":{"start":{"line":87,"column":4},"end":{"line":111,"column":null}},"27":{"start":{"line":89,"column":8},"end":{"line":89,"column":null}},"28":{"start":{"line":90,"column":8},"end":{"line":90,"column":null}},"29":{"start":{"line":93,"column":11},"end":{"line":95,"column":null}},"30":{"start":{"line":97,"column":8},"end":{"line":100,"column":null}},"31":{"start":{"line":98,"column":10},"end":{"line":98,"column":null}},"32":{"start":{"line":99,"column":10},"end":{"line":99,"column":null}},"33":{"start":{"line":102,"column":8},"end":{"line":104,"column":null}},"34":{"start":{"line":103,"column":10},"end":{"line":103,"column":null}},"35":{"start":{"line":107,"column":8},"end":{"line":109,"column":null}},"36":{"start":{"line":110,"column":8},"end":{"line":110,"column":null}},"37":{"start":{"line":114,"column":2},"end":{"line":265,"column":null}},"38":{"start":{"line":157,"column":12},"end":{"line":173,"column":null}},"39":{"start":{"line":198,"column":16},"end":{"line":200,"column":null}}},"fnMap":{"0":{"name":"UserRegister","decl":{"start":{"line":34,"column":9},"end":{"line":34,"column":22}},"loc":{"start":{"line":34,"column":59},"end":{"line":267,"column":null}},"line":34},"1":{"name":"(anonymous_1)","decl":{"start":{"line":50,"column":23},"end":{"line":50,"column":24}},"loc":{"start":{"line":50,"column":34},"end":{"line":54,"column":null}},"line":50},"2":{"name":"(anonymous_2)","decl":{"start":{"line":53,"column":16},"end":{"line":53,"column":17}},"loc":{"start":{"line":53,"column":27},"end":{"line":53,"column":59}},"line":53},"3":{"name":"(anonymous_3)","decl":{"start":{"line":56,"column":23},"end":{"line":56,"column":30}},"loc":{"start":{"line":56,"column":40},"end":{"line":112,"column":null}},"line":56},"4":{"name":"(anonymous_4)","decl":{"start":{"line":88,"column":12},"end":{"line":88,"column":18}},"loc":{"start":{"line":88,"column":18},"end":{"line":105,"column":7}},"line":88},"5":{"name":"(anonymous_5)","decl":{"start":{"line":102,"column":19},"end":{"line":102,"column":25}},"loc":{"start":{"line":102,"column":25},"end":{"line":104,"column":11}},"line":102},"6":{"name":"(anonymous_6)","decl":{"start":{"line":106,"column":13},"end":{"line":106,"column":19}},"loc":{"start":{"line":106,"column":19},"end":{"line":111,"column":7}},"line":106},"7":{"name":"(anonymous_7)","decl":{"start":{"line":156,"column":26},"end":{"line":156,"column":27}},"loc":{"start":{"line":157,"column":12},"end":{"line":173,"column":null}},"line":157},"8":{"name":"(anonymous_8)","decl":{"start":{"line":197,"column":37},"end":{"line":197,"column":38}},"loc":{"start":{"line":198,"column":16},"end":{"line":200,"column":null}},"line":198}},"branchMap":{"0":{"loc":{"start":{"line":52,"column":22},"end":{"line":52,"column":null}},"type":"binary-expr","locations":[{"start":{"line":52,"column":22},"end":{"line":52,"column":30}},{"start":{"line":52,"column":30},"end":{"line":52,"column":null}}],"line":52},"1":{"loc":{"start":{"line":61,"column":4},"end":{"line":64,"column":null}},"type":"if","locations":[{"start":{"line":61,"column":4},"end":{"line":64,"column":null}},{"start":{},"end":{}}],"line":61},"2":{"loc":{"start":{"line":66,"column":4},"end":{"line":69,"column":null}},"type":"if","locations":[{"start":{"line":66,"column":4},"end":{"line":69,"column":null}},{"start":{},"end":{}}],"line":66},"3":{"loc":{"start":{"line":71,"column":4},"end":{"line":74,"column":null}},"type":"if","locations":[{"start":{"line":71,"column":4},"end":{"line":74,"column":null}},{"start":{},"end":{}}],"line":71},"4":{"loc":{"start":{"line":93,"column":11},"end":{"line":95,"column":null}},"type":"binary-expr","locations":[{"start":{"line":93,"column":11},"end":{"line":93,"column":null}},{"start":{"line":94,"column":12},"end":{"line":94,"column":null}},{"start":{"line":95,"column":10},"end":{"line":95,"column":null}}],"line":93},"5":{"loc":{"start":{"line":97,"column":8},"end":{"line":100,"column":null}},"type":"if","locations":[{"start":{"line":97,"column":8},"end":{"line":100,"column":null}},{"start":{},"end":{}}],"line":97},"6":{"loc":{"start":{"line":134,"column":21},"end":{"line":134,"column":null}},"type":"cond-expr","locations":[{"start":{"line":134,"column":29},"end":{"line":134,"column":37}},{"start":{"line":134,"column":37},"end":{"line":134,"column":null}}],"line":134},"7":{"loc":{"start":{"line":139,"column":13},"end":{"line":139,"column":null}},"type":"binary-expr","locations":[{"start":{"line":139,"column":13},"end":{"line":139,"column":22}},{"start":{"line":139,"column":22},"end":{"line":139,"column":null}}],"line":139},"8":{"loc":{"start":{"line":147,"column":21},"end":{"line":147,"column":null}},"type":"cond-expr","locations":[{"start":{"line":147,"column":31},"end":{"line":147,"column":41}},{"start":{"line":147,"column":41},"end":{"line":147,"column":null}}],"line":147},"9":{"loc":{"start":{"line":152,"column":13},"end":{"line":152,"column":null}},"type":"binary-expr","locations":[{"start":{"line":152,"column":13},"end":{"line":152,"column":24}},{"start":{"line":152,"column":24},"end":{"line":152,"column":null}}],"line":152},"10":{"loc":{"start":{"line":166,"column":25},"end":{"line":166,"column":null}},"type":"binary-expr","locations":[{"start":{"line":166,"column":25},"end":{"line":166,"column":44}},{"start":{"line":166,"column":44},"end":{"line":166,"column":null}}],"line":166},"11":{"loc":{"start":{"line":239,"column":13},"end":{"line":249,"column":null}},"type":"binary-expr","locations":[{"start":{"line":239,"column":13},"end":{"line":239,"column":null}},{"start":{"line":240,"column":14},"end":{"line":249,"column":null}}],"line":239}},"s":{"0":1,"1":1,"2":62,"3":62,"4":62,"5":62,"6":62,"7":56,"8":56,"9":56,"10":56,"11":62,"12":2,"13":2,"14":2,"15":2,"16":0,"17":0,"18":2,"19":1,"20":1,"21":1,"22":0,"23":0,"24":1,"25":1,"26":1,"27":1,"28":1,"29":1,"30":1,"31":1,"32":1,"33":0,"34":0,"35":0,"36":0,"37":62,"38":372,"39":248},"f":{"0":62,"1":56,"2":56,"3":2,"4":1,"5":0,"6":0,"7":372,"8":248},"b":{"0":[56,55],"1":[0,2],"2":[1,1],"3":[0,1],"4":[1,1,0],"5":[1,0],"6":[1,61],"7":[62,61],"8":[1,61],"9":[62,61],"10":[372,310],"11":[62,1]},"meta":{"lastBranch":12,"lastFunction":9,"lastStatement":40,"seen":{"s:18:26:23:Infinity":0,"s:25:19:32:Infinity":1,"f:34:9:34:22":0,"s:35:30:44:Infinity":2,"s:46:24:46:Infinity":3,"s:47:28:47:Infinity":4,"s:48:32:48:Infinity":5,"s:50:23:54:Infinity":6,"f:50:23:50:24":1,"s:51:32:51:Infinity":7,"s:52:22:52:Infinity":8,"b:52:22:52:30:52:30:52:Infinity":0,"s:53:4:53:Infinity":9,"f:53:16:53:17":2,"s:53:27:53:59":10,"s:56:23:112:Infinity":11,"f:56:23:56:30":3,"s:57:4:57:Infinity":12,"s:58:4:58:Infinity":13,"s:59:4:59:Infinity":14,"b:61:4:64:Infinity:undefined:undefined:undefined:undefined":1,"s:61:4:64:Infinity":15,"s:62:6:62:Infinity":16,"s:63:6:63:Infinity":17,"b:66:4:69:Infinity:undefined:undefined:undefined:undefined":2,"s:66:4:69:Infinity":18,"s:67:6:67:Infinity":19,"s:68:6:68:Infinity":20,"b:71:4:74:Infinity:undefined:undefined:undefined:undefined":3,"s:71:4:74:Infinity":21,"s:72:6:72:Infinity":22,"s:73:6:73:Infinity":23,"s:76:20:83:Infinity":24,"s:85:4:85:Infinity":25,"s:87:4:111:Infinity":26,"f:88:12:88:18":4,"s:89:8:89:Infinity":27,"s:90:8:90:Infinity":28,"s:93:11:95:Infinity":29,"b:93:11:93:Infinity:94:12:94:Infinity:95:10:95:Infinity":4,"b:97:8:100:Infinity:undefined:undefined:undefined:undefined":5,"s:97:8:100:Infinity":30,"s:98:10:98:Infinity":31,"s:99:10:99:Infinity":32,"s:102:8:104:Infinity":33,"f:102:19:102:25":5,"s:103:10:103:Infinity":34,"f:106:13:106:19":6,"s:107:8:109:Infinity":35,"s:110:8:110:Infinity":36,"s:114:2:265:Infinity":37,"b:134:29:134:37:134:37:134:Infinity":6,"b:139:13:139:22:139:22:139:Infinity":7,"b:147:31:147:41:147:41:147:Infinity":8,"b:152:13:152:24:152:24:152:Infinity":9,"f:156:26:156:27":7,"s:157:12:173:Infinity":38,"b:166:25:166:44:166:44:166:Infinity":10,"f:197:37:197:38":8,"s:198:16:200:Infinity":39,"b:239:13:239:Infinity:240:14:249:Infinity":11}}}
,"/Users/alex/SynologyDrive/Fall quarter 2025/SDEV 372/DnD-Character-Sheet/character-sheet-front-end/src/hooks/useModalForm": {"path":"/Users/alex/SynologyDrive/Fall quarter 2025/SDEV 372/DnD-Character-Sheet/character-sheet-front-end/src/hooks/useModalForm","statementMap":{"0":{"start":{"line":4,"column":34},"end":{"line":4,"column":57}},"1":{"start":{"line":5,"column":28},"end":{"line":5,"column":41}},"2":{"start":{"line":6,"column":32},"end":{"line":6,"column":45}},"3":{"start":{"line":7,"column":36},"end":{"line":7,"column":52}},"4":{"start":{"line":9,"column":23},"end":{"line":15,"column":4}},"5":{"start":{"line":10,"column":6},"end":{"line":10,"column":null}},"6":{"start":{"line":11,"column":6},"end":{"line":11,"column":null}},"7":{"start":{"line":12,"column":6},"end":{"line":12,"column":null}},"8":{"start":{"line":13,"column":6},"end":{"line":13,"column":null}},"9":{"start":{"line":14,"column":6},"end":{"line":14,"column":null}},"10":{"start":{"line":17,"column":3},"end":{"line":27,"column":null}}},"fnMap":{"0":{"name":"useModalForm","decl":{"start":{"line":3,"column":16},"end":{"line":3,"column":28}},"loc":{"start":{"line":3,"column":55},"end":{"line":28,"column":null}},"line":3},"1":{"name":"(anonymous_1)","decl":{"start":{"line":9,"column":23},"end":{"line":9,"column":24}},"loc":{"start":{"line":9,"column":29},"end":{"line":15,"column":4}},"line":9}},"branchMap":{},"s":{"0":102,"1":102,"2":102,"3":102,"4":102,"5":1,"6":1,"7":1,"8":1,"9":1,"10":102},"f":{"0":102,"1":1},"b":{},"meta":{"lastBranch":0,"lastFunction":2,"lastStatement":11,"seen":{"f:3:16:3:28":0,"s:4:34:4:57":0,"s:5:28:5:41":1,"s:6:32:6:45":2,"s:7:36:7:52":3,"s:9:23:15:4":4,"f:9:23:9:24":1,"s:10:6:10:Infinity":5,"s:11:6:11:Infinity":6,"s:12:6:12:Infinity":7,"s:13:6:13:Infinity":8,"s:14:6:14:Infinity":9,"s:17:3:27:Infinity":10}}}
}
