{"/Users/alex/SynologyDrive/Fall quarter 2025/SDEV 372/DnD-Character-Sheet/character-sheet-back-end/middleware/authenticateToken.js": {"path":"/Users/alex/SynologyDrive/Fall quarter 2025/SDEV 372/DnD-Character-Sheet/character-sheet-back-end/middleware/authenticateToken.js","statementMap":{"0":{"start":{"line":1,"column":12},"end":{"line":1,"column":35}},"1":{"start":{"line":4,"column":22},"end":{"line":4,"column":50}},"2":{"start":{"line":5,"column":17},"end":{"line":5,"column":55}},"3":{"start":{"line":7,"column":3},"end":{"line":7,"column":49}},"4":{"start":{"line":7,"column":22},"end":{"line":7,"column":49}},"5":{"start":{"line":9,"column":3},"end":{"line":13,"column":6}},"6":{"start":{"line":10,"column":6},"end":{"line":10,"column":42}},"7":{"start":{"line":10,"column":15},"end":{"line":10,"column":42}},"8":{"start":{"line":11,"column":6},"end":{"line":11,"column":22}},"9":{"start":{"line":12,"column":6},"end":{"line":12,"column":13}},"10":{"start":{"line":16,"column":0},"end":{"line":16,"column":35}}},"fnMap":{"0":{"name":"authenticateToken","decl":{"start":{"line":3,"column":9},"end":{"line":3,"column":26}},"loc":{"start":{"line":3,"column":43},"end":{"line":14,"column":1}},"line":3},"1":{"name":"(anonymous_1)","decl":{"start":{"line":9,"column":45},"end":{"line":9,"column":46}},"loc":{"start":{"line":9,"column":60},"end":{"line":13,"column":4}},"line":9}},"branchMap":{"0":{"loc":{"start":{"line":5,"column":17},"end":{"line":5,"column":55}},"type":"binary-expr","locations":[{"start":{"line":5,"column":17},"end":{"line":5,"column":27}},{"start":{"line":5,"column":31},"end":{"line":5,"column":55}}],"line":5},"1":{"loc":{"start":{"line":7,"column":3},"end":{"line":7,"column":49}},"type":"if","locations":[{"start":{"line":7,"column":3},"end":{"line":7,"column":49}},{"start":{},"end":{}}],"line":7},"2":{"loc":{"start":{"line":10,"column":6},"end":{"line":10,"column":42}},"type":"if","locations":[{"start":{"line":10,"column":6},"end":{"line":10,"column":42}},{"start":{},"end":{}}],"line":10}},"s":{"0":1,"1":3,"2":3,"3":3,"4":2,"5":1,"6":1,"7":1,"8":0,"9":0,"10":1},"f":{"0":3,"1":1},"b":{"0":[3,1],"1":[2,1],"2":[1,0]},"_coverageSchema":"1a1c01bbd47fc00a2c39e90264f33305004495a9","hash":"83b9a2be02cb8851323e8de156f4dabead04b4b8"}
}
