{"/Users/felix/Documents/SDEV372/DnD-Character-Sheet/character-sheet-back-end/app.js": {"path":"/Users/felix/Documents/SDEV372/DnD-Character-Sheet/character-sheet-back-end/app.js","statementMap":{"0":{"start":{"line":1,"column":16},"end":{"line":1,"column":34}},"1":{"start":{"line":2,"column":13},"end":{"line":2,"column":28}},"2":{"start":{"line":3,"column":14},"end":{"line":3,"column":30}},"3":{"start":{"line":4,"column":0},"end":{"line":4,"column":27}},"4":{"start":{"line":6,"column":12},"end":{"line":6,"column":21}},"5":{"start":{"line":8,"column":17},"end":{"line":8,"column":41}},"6":{"start":{"line":9,"column":22},"end":{"line":9,"column":66}},"7":{"start":{"line":11,"column":0},"end":{"line":11,"column":16}},"8":{"start":{"line":12,"column":0},"end":{"line":12,"column":24}},"9":{"start":{"line":14,"column":0},"end":{"line":29,"column":3}},"10":{"start":{"line":15,"column":3},"end":{"line":28,"column":4}},"11":{"start":{"line":16,"column":28},"end":{"line":16,"column":38}},"12":{"start":{"line":18,"column":6},"end":{"line":20,"column":7}},"13":{"start":{"line":19,"column":9},"end":{"line":19,"column":78}},"14":{"start":{"line":22,"column":18},"end":{"line":22,"column":44}},"15":{"start":{"line":23,"column":23},"end":{"line":23,"column":43}},"16":{"start":{"line":24,"column":6},"end":{"line":24,"column":30}},"17":{"start":{"line":26,"column":6},"end":{"line":26,"column":65}},"18":{"start":{"line":27,"column":6},"end":{"line":27,"column":63}},"19":{"start":{"line":31,"column":19},"end":{"line":31,"column":57}},"20":{"start":{"line":32,"column":0},"end":{"line":32,"column":25}},"21":{"start":{"line":34,"column":0},"end":{"line":34,"column":21}}},"fnMap":{"0":{"name":"(anonymous_0)","decl":{"start":{"line":14,"column":40},"end":{"line":14,"column":41}},"loc":{"start":{"line":14,"column":60},"end":{"line":29,"column":1}},"line":14}},"branchMap":{"0":{"loc":{"start":{"line":18,"column":6},"end":{"line":20,"column":7}},"type":"if","locations":[{"start":{"line":18,"column":6},"end":{"line":20,"column":7}},{"start":{},"end":{}}],"line":18}},"s":{"0":1,"1":1,"2":1,"3":1,"4":1,"5":1,"6":1,"7":1,"8":1,"9":1,"10":0,"11":0,"12":0,"13":0,"14":0,"15":0,"16":0,"17":0,"18":0,"19":1,"20":1,"21":1},"f":{"0":0},"b":{"0":[0,0]},"_coverageSchema":"1a1c01bbd47fc00a2c39e90264f33305004495a9","hash":"140cce6783236fbee8a07526be5a4c9a2c32e02e"}
,"/Users/felix/Documents/SDEV372/DnD-Character-Sheet/character-sheet-back-end/setupTestDB.js": {"path":"/Users/felix/Documents/SDEV372/DnD-Character-Sheet/character-sheet-back-end/setupTestDB.js","statementMap":{"0":{"start":{"line":1,"column":15},"end":{"line":1,"column":40}},"1":{"start":{"line":4,"column":2},"end":{"line":14,"column":5}},"2":{"start":{"line":17,"column":0},"end":{"line":17,"column":29}}},"fnMap":{"0":{"name":"setupTestDB","decl":{"start":{"line":3,"column":15},"end":{"line":3,"column":26}},"loc":{"start":{"line":3,"column":29},"end":{"line":15,"column":1}},"line":3}},"branchMap":{},"s":{"0":1,"1":1,"2":1},"f":{"0":1},"b":{},"_coverageSchema":"1a1c01bbd47fc00a2c39e90264f33305004495a9","hash":"7982bbb96e0a8bb73063edcc6a6e3d45bfd3e79d"}
,"/Users/felix/Documents/SDEV372/DnD-Character-Sheet/character-sheet-back-end/config/db.js": {"path":"/Users/felix/Documents/SDEV372/DnD-Character-Sheet/character-sheet-back-end/config/db.js","statementMap":{"0":{"start":{"line":1,"column":14},"end":{"line":1,"column":39}},"1":{"start":{"line":2,"column":15},"end":{"line":2,"column":32}},"2":{"start":{"line":4,"column":0},"end":{"line":8,"column":1}},"3":{"start":{"line":5,"column":2},"end":{"line":5,"column":39}},"4":{"start":{"line":7,"column":2},"end":{"line":7,"column":18}},"5":{"start":{"line":10,"column":15},"end":{"line":15,"column":2}},"6":{"start":{"line":17,"column":0},"end":{"line":17,"column":24}}},"fnMap":{},"branchMap":{"0":{"loc":{"start":{"line":4,"column":0},"end":{"line":8,"column":1}},"type":"if","locations":[{"start":{"line":4,"column":0},"end":{"line":8,"column":1}},{"start":{"line":6,"column":7},"end":{"line":8,"column":1}}],"line":4}},"s":{"0":1,"1":1,"2":1,"3":1,"4":0,"5":1,"6":1},"f":{},"b":{"0":[1,0]},"_coverageSchema":"1a1c01bbd47fc00a2c39e90264f33305004495a9","hash":"70c2419a838570853001cfb103f56353ac51970c"}
,"/Users/felix/Documents/SDEV372/DnD-Character-Sheet/character-sheet-back-end/middleware/authenticateToken.js": {"path":"/Users/felix/Documents/SDEV372/DnD-Character-Sheet/character-sheet-back-end/middleware/authenticateToken.js","statementMap":{"0":{"start":{"line":1,"column":12},"end":{"line":1,"column":35}},"1":{"start":{"line":4,"column":22},"end":{"line":4,"column":50}},"2":{"start":{"line":5,"column":17},"end":{"line":5,"column":55}},"3":{"start":{"line":7,"column":3},"end":{"line":7,"column":49}},"4":{"start":{"line":7,"column":22},"end":{"line":7,"column":49}},"5":{"start":{"line":9,"column":3},"end":{"line":13,"column":6}},"6":{"start":{"line":10,"column":6},"end":{"line":10,"column":42}},"7":{"start":{"line":10,"column":15},"end":{"line":10,"column":42}},"8":{"start":{"line":11,"column":6},"end":{"line":11,"column":22}},"9":{"start":{"line":12,"column":6},"end":{"line":12,"column":13}},"10":{"start":{"line":16,"column":0},"end":{"line":16,"column":35}}},"fnMap":{"0":{"name":"authenticateToken","decl":{"start":{"line":3,"column":9},"end":{"line":3,"column":26}},"loc":{"start":{"line":3,"column":43},"end":{"line":14,"column":1}},"line":3},"1":{"name":"(anonymous_1)","decl":{"start":{"line":9,"column":45},"end":{"line":9,"column":46}},"loc":{"start":{"line":9,"column":60},"end":{"line":13,"column":4}},"line":9}},"branchMap":{"0":{"loc":{"start":{"line":5,"column":17},"end":{"line":5,"column":55}},"type":"binary-expr","locations":[{"start":{"line":5,"column":17},"end":{"line":5,"column":27}},{"start":{"line":5,"column":31},"end":{"line":5,"column":55}}],"line":5},"1":{"loc":{"start":{"line":7,"column":3},"end":{"line":7,"column":49}},"type":"if","locations":[{"start":{"line":7,"column":3},"end":{"line":7,"column":49}},{"start":{},"end":{}}],"line":7},"2":{"loc":{"start":{"line":10,"column":6},"end":{"line":10,"column":42}},"type":"if","locations":[{"start":{"line":10,"column":6},"end":{"line":10,"column":42}},{"start":{},"end":{}}],"line":10}},"s":{"0":2,"1":4,"2":4,"3":4,"4":2,"5":2,"6":2,"7":1,"8":1,"9":1,"10":2},"f":{"0":4,"1":2},"b":{"0":[4,2],"1":[2,2],"2":[1,1]},"_coverageSchema":"1a1c01bbd47fc00a2c39e90264f33305004495a9","hash":"fde5450b3ff74a440e42cd890d9a456a1b355c3d"}
,"/Users/felix/Documents/SDEV372/DnD-Character-Sheet/character-sheet-back-end/routes/authenticateRoutes.js": {"path":"/Users/felix/Documents/SDEV372/DnD-Character-Sheet/character-sheet-back-end/routes/authenticateRoutes.js","statementMap":{"0":{"start":{"line":1,"column":16},"end":{"line":1,"column":34}},"1":{"start":{"line":2,"column":15},"end":{"line":2,"column":31}},"2":{"start":{"line":3,"column":15},"end":{"line":3,"column":34}},"3":{"start":{"line":4,"column":12},"end":{"line":4,"column":35}},"4":{"start":{"line":5,"column":15},"end":{"line":5,"column":38}},"5":{"start":{"line":6,"column":26},"end":{"line":6,"column":68}},"6":{"start":{"line":8,"column":0},"end":{"line":12,"column":3}},"7":{"start":{"line":9,"column":3},"end":{"line":11,"column":5}},"8":{"start":{"line":14,"column":0},"end":{"line":53,"column":3}},"9":{"start":{"line":16,"column":6},"end":{"line":16,"column":14}},"10":{"start":{"line":18,"column":3},"end":{"line":20,"column":4}},"11":{"start":{"line":19,"column":6},"end":{"line":19,"column":75}},"12":{"start":{"line":22,"column":3},"end":{"line":52,"column":4}},"13":{"start":{"line":23,"column":30},"end":{"line":26,"column":7}},"14":{"start":{"line":27,"column":6},"end":{"line":31,"column":7}},"15":{"start":{"line":28,"column":9},"end":{"line":30,"column":72}},"16":{"start":{"line":33,"column":19},"end":{"line":33,"column":43}},"17":{"start":{"line":34,"column":28},"end":{"line":34,"column":61}},"18":{"start":{"line":35,"column":28},"end":{"line":38,"column":7}},"19":{"start":{"line":40,"column":23},"end":{"line":43,"column":7}},"20":{"start":{"line":45,"column":6},"end":{"line":48,"column":9}},"21":{"start":{"line":50,"column":6},"end":{"line":50,"column":50}},"22":{"start":{"line":51,"column":6},"end":{"line":51,"column":77}},"23":{"start":{"line":55,"column":0},"end":{"line":121,"column":3}},"24":{"start":{"line":56,"column":3},"end":{"line":120,"column":4}},"25":{"start":{"line":57,"column":53},"end":{"line":57,"column":61}},"26":{"start":{"line":59,"column":6},"end":{"line":63,"column":7}},"27":{"start":{"line":60,"column":9},"end":{"line":62,"column":12}},"28":{"start":{"line":65,"column":31},"end":{"line":65,"column":74}},"29":{"start":{"line":67,"column":21},"end":{"line":70,"column":7}},"30":{"start":{"line":72,"column":19},"end":{"line":72,"column":26}},"31":{"start":{"line":74,"column":6},"end":{"line":76,"column":7}},"32":{"start":{"line":75,"column":9},"end":{"line":75,"column":74}},"33":{"start":{"line":78,"column":22},"end":{"line":81,"column":7}},"34":{"start":{"line":83,"column":6},"end":{"line":85,"column":7}},"35":{"start":{"line":84,"column":9},"end":{"line":84,"column":80}},"36":{"start":{"line":87,"column":6},"end":{"line":94,"column":7}},"37":{"start":{"line":91,"column":9},"end":{"line":93,"column":12}},"38":{"start":{"line":96,"column":30},"end":{"line":99,"column":7}},"39":{"start":{"line":100,"column":6},"end":{"line":104,"column":7}},"40":{"start":{"line":101,"column":9},"end":{"line":103,"column":12}},"41":{"start":{"line":106,"column":19},"end":{"line":106,"column":43}},"42":{"start":{"line":107,"column":28},"end":{"line":107,"column":64}},"43":{"start":{"line":109,"column":6},"end":{"line":112,"column":9}},"44":{"start":{"line":114,"column":6},"end":{"line":116,"column":62}},"45":{"start":{"line":118,"column":6},"end":{"line":118,"column":54}},"46":{"start":{"line":119,"column":6},"end":{"line":119,"column":64}},"47":{"start":{"line":123,"column":0},"end":{"line":161,"column":3}},"48":{"start":{"line":124,"column":31},"end":{"line":124,"column":39}},"49":{"start":{"line":126,"column":3},"end":{"line":130,"column":4}},"50":{"start":{"line":127,"column":6},"end":{"line":129,"column":64}},"51":{"start":{"line":132,"column":3},"end":{"line":160,"column":4}},"52":{"start":{"line":133,"column":21},"end":{"line":135,"column":8}},"53":{"start":{"line":136,"column":19},"end":{"line":136,"column":26}},"54":{"start":{"line":138,"column":6},"end":{"line":140,"column":7}},"55":{"start":{"line":139,"column":9},"end":{"line":139,"column":74}},"56":{"start":{"line":142,"column":22},"end":{"line":142,"column":72}},"57":{"start":{"line":143,"column":6},"end":{"line":145,"column":7}},"58":{"start":{"line":144,"column":9},"end":{"line":144,"column":74}},"59":{"start":{"line":147,"column":22},"end":{"line":151,"column":7}},"60":{"start":{"line":152,"column":20},"end":{"line":154,"column":8}},"61":{"start":{"line":156,"column":6},"end":{"line":156,"column":55}},"62":{"start":{"line":158,"column":6},"end":{"line":158,"column":43}},"63":{"start":{"line":159,"column":6},"end":{"line":159,"column":70}},"64":{"start":{"line":163,"column":0},"end":{"line":182,"column":3}},"65":{"start":{"line":164,"column":18},"end":{"line":164,"column":29}},"66":{"start":{"line":166,"column":3},"end":{"line":181,"column":4}},"67":{"start":{"line":167,"column":23},"end":{"line":169,"column":8}},"68":{"start":{"line":171,"column":6},"end":{"line":173,"column":7}},"69":{"start":{"line":172,"column":9},"end":{"line":172,"column":69}},"70":{"start":{"line":175,"column":6},"end":{"line":175,"column":78}},"71":{"start":{"line":177,"column":6},"end":{"line":177,"column":44}},"72":{"start":{"line":178,"column":6},"end":{"line":180,"column":9}},"73":{"start":{"line":184,"column":0},"end":{"line":184,"column":24}}},"fnMap":{"0":{"name":"(anonymous_0)","decl":{"start":{"line":8,"column":44},"end":{"line":8,"column":45}},"loc":{"start":{"line":8,"column":58},"end":{"line":12,"column":1}},"line":8},"1":{"name":"(anonymous_1)","decl":{"start":{"line":14,"column":29},"end":{"line":14,"column":30}},"loc":{"start":{"line":14,"column":49},"end":{"line":53,"column":1}},"line":14},"2":{"name":"(anonymous_2)","decl":{"start":{"line":55,"column":36},"end":{"line":55,"column":37}},"loc":{"start":{"line":55,"column":56},"end":{"line":121,"column":1}},"line":55},"3":{"name":"(anonymous_3)","decl":{"start":{"line":123,"column":26},"end":{"line":123,"column":27}},"loc":{"start":{"line":123,"column":46},"end":{"line":161,"column":1}},"line":123},"4":{"name":"(anonymous_4)","decl":{"start":{"line":163,"column":48},"end":{"line":163,"column":49}},"loc":{"start":{"line":163,"column":68},"end":{"line":182,"column":1}},"line":163}},"branchMap":{"0":{"loc":{"start":{"line":18,"column":3},"end":{"line":20,"column":4}},"type":"if","locations":[{"start":{"line":18,"column":3},"end":{"line":20,"column":4}},{"start":{},"end":{}}],"line":18},"1":{"loc":{"start":{"line":18,"column":7},"end":{"line":18,"column":66}},"type":"binary-expr","locations":[{"start":{"line":18,"column":7},"end":{"line":18,"column":16}},{"start":{"line":18,"column":20},"end":{"line":18,"column":30}},{"start":{"line":18,"column":34},"end":{"line":18,"column":43}},{"start":{"line":18,"column":47},"end":{"line":18,"column":53}},{"start":{"line":18,"column":57},"end":{"line":18,"column":66}}],"line":18},"2":{"loc":{"start":{"line":27,"column":6},"end":{"line":31,"column":7}},"type":"if","locations":[{"start":{"line":27,"column":6},"end":{"line":31,"column":7}},{"start":{},"end":{}}],"line":27},"3":{"loc":{"start":{"line":59,"column":6},"end":{"line":63,"column":7}},"type":"if","locations":[{"start":{"line":59,"column":6},"end":{"line":63,"column":7}},{"start":{},"end":{}}],"line":59},"4":{"loc":{"start":{"line":59,"column":10},"end":{"line":59,"column":51}},"type":"binary-expr","locations":[{"start":{"line":59,"column":10},"end":{"line":59,"column":16}},{"start":{"line":59,"column":20},"end":{"line":59,"column":35}},{"start":{"line":59,"column":39},"end":{"line":59,"column":51}}],"line":59},"5":{"loc":{"start":{"line":74,"column":6},"end":{"line":76,"column":7}},"type":"if","locations":[{"start":{"line":74,"column":6},"end":{"line":76,"column":7}},{"start":{},"end":{}}],"line":74},"6":{"loc":{"start":{"line":83,"column":6},"end":{"line":85,"column":7}},"type":"if","locations":[{"start":{"line":83,"column":6},"end":{"line":85,"column":7}},{"start":{},"end":{}}],"line":83},"7":{"loc":{"start":{"line":87,"column":6},"end":{"line":94,"column":7}},"type":"if","locations":[{"start":{"line":87,"column":6},"end":{"line":94,"column":7}},{"start":{},"end":{}}],"line":87},"8":{"loc":{"start":{"line":88,"column":9},"end":{"line":89,"column":62}},"type":"binary-expr","locations":[{"start":{"line":88,"column":9},"end":{"line":88,"column":25}},{"start":{"line":89,"column":9},"end":{"line":89,"column":62}}],"line":88},"9":{"loc":{"start":{"line":100,"column":6},"end":{"line":104,"column":7}},"type":"if","locations":[{"start":{"line":100,"column":6},"end":{"line":104,"column":7}},{"start":{},"end":{}}],"line":100},"10":{"loc":{"start":{"line":126,"column":3},"end":{"line":130,"column":4}},"type":"if","locations":[{"start":{"line":126,"column":3},"end":{"line":130,"column":4}},{"start":{},"end":{}}],"line":126},"11":{"loc":{"start":{"line":126,"column":7},"end":{"line":126,"column":26}},"type":"binary-expr","locations":[{"start":{"line":126,"column":7},"end":{"line":126,"column":13}},{"start":{"line":126,"column":17},"end":{"line":126,"column":26}}],"line":126},"12":{"loc":{"start":{"line":138,"column":6},"end":{"line":140,"column":7}},"type":"if","locations":[{"start":{"line":138,"column":6},"end":{"line":140,"column":7}},{"start":{},"end":{}}],"line":138},"13":{"loc":{"start":{"line":143,"column":6},"end":{"line":145,"column":7}},"type":"if","locations":[{"start":{"line":143,"column":6},"end":{"line":145,"column":7}},{"start":{},"end":{}}],"line":143},"14":{"loc":{"start":{"line":171,"column":6},"end":{"line":173,"column":7}},"type":"if","locations":[{"start":{"line":171,"column":6},"end":{"line":173,"column":7}},{"start":{},"end":{}}],"line":171}},"s":{"0":1,"1":1,"2":1,"3":1,"4":1,"5":1,"6":1,"7":1,"8":1,"9":1,"10":1,"11":0,"12":1,"13":1,"14":1,"15":0,"16":1,"17":1,"18":1,"19":1,"20":1,"21":0,"22":0,"23":1,"24":0,"25":0,"26":0,"27":0,"28":0,"29":0,"30":0,"31":0,"32":0,"33":0,"34":0,"35":0,"36":0,"37":0,"38":0,"39":0,"40":0,"41":0,"42":0,"43":0,"44":0,"45":0,"46":0,"47":1,"48":1,"49":1,"50":0,"51":1,"52":1,"53":1,"54":1,"55":0,"56":1,"57":1,"58":0,"59":1,"60":1,"61":1,"62":0,"63":0,"64":1,"65":0,"66":0,"67":0,"68":0,"69":0,"70":0,"71":0,"72":0,"73":1},"f":{"0":1,"1":1,"2":0,"3":1,"4":0},"b":{"0":[0,1],"1":[1,1,1,1,1],"2":[0,1],"3":[0,0],"4":[0,0,0],"5":[0,0],"6":[0,0],"7":[0,0],"8":[0,0],"9":[0,0],"10":[0,1],"11":[1,1],"12":[0,1],"13":[0,1],"14":[0,0]},"_coverageSchema":"1a1c01bbd47fc00a2c39e90264f33305004495a9","hash":"ab4beff49e71b8985207787c634f46e125e72bbf"}
}
