TN:
SF:app.js
FN:14,(anonymous_0)
FNF:1
FNH:0
FNDA:0,(anonymous_0)
DA:1,1
DA:2,1
DA:3,1
DA:4,1
DA:6,1
DA:8,1
DA:9,1
DA:11,1
DA:12,1
DA:14,1
DA:15,0
DA:16,0
DA:18,0
DA:19,0
DA:22,0
DA:23,0
DA:24,0
DA:26,0
DA:27,0
DA:31,1
DA:32,1
DA:34,1
LF:22
LH:13
BRDA:18,0,0,0
BRDA:18,0,1,0
BRF:2
BRH:0
end_of_record
TN:
SF:setupTestDB.js
FN:3,setupTestDB
FNF:1
FNH:1
FNDA:1,setupTestDB
DA:1,1
DA:4,1
DA:17,1
LF:3
LH:3
BRF:0
BRH:0
end_of_record
TN:
SF:config/db.js
FNF:0
FNH:0
DA:1,1
DA:2,1
DA:4,1
DA:5,1
DA:7,0
DA:10,1
DA:17,1
LF:7
LH:6
BRDA:4,0,0,1
BRDA:4,0,1,0
BRF:2
BRH:1
end_of_record
TN:
SF:middleware/authenticateToken.js
FN:3,authenticateToken
FN:9,(anonymous_1)
FNF:2
FNH:2
FNDA:4,authenticateToken
FNDA:3,(anonymous_1)
DA:1,2
DA:4,4
DA:5,4
DA:7,4
DA:9,3
DA:10,3
DA:11,2
DA:12,2
DA:16,2
LF:9
LH:9
BRDA:5,0,0,4
BRDA:5,0,1,3
BRDA:7,1,0,1
BRDA:7,1,1,3
BRDA:10,2,0,1
BRDA:10,2,1,2
BRF:6
BRH:6
end_of_record
TN:
SF:routes/authenticateRoutes.js
FN:8,(anonymous_0)
FN:14,(anonymous_1)
FN:55,(anonymous_2)
FN:123,(anonymous_3)
FN:163,(anonymous_4)
FNF:5
FNH:3
FNDA:1,(anonymous_0)
FNDA:1,(anonymous_1)
FNDA:0,(anonymous_2)
FNDA:1,(anonymous_3)
FNDA:0,(anonymous_4)
DA:1,1
DA:2,1
DA:3,1
DA:4,1
DA:5,1
DA:6,1
DA:8,1
DA:9,1
DA:14,1
DA:16,1
DA:18,1
DA:19,0
DA:22,1
DA:23,1
DA:27,1
DA:28,0
DA:33,1
DA:34,1
DA:35,1
DA:40,1
DA:45,1
DA:50,0
DA:51,0
DA:55,1
DA:56,0
DA:57,0
DA:59,0
DA:60,0
DA:65,0
DA:67,0
DA:72,0
DA:74,0
DA:75,0
DA:78,0
DA:83,0
DA:84,0
DA:87,0
DA:91,0
DA:96,0
DA:100,0
DA:101,0
DA:106,0
DA:107,0
DA:109,0
DA:114,0
DA:118,0
DA:119,0
DA:123,1
DA:124,1
DA:126,1
DA:127,0
DA:132,1
DA:133,1
DA:136,1
DA:138,1
DA:139,0
DA:142,1
DA:143,1
DA:144,0
DA:147,1
DA:152,1
DA:156,1
DA:158,0
DA:159,0
DA:163,1
DA:164,0
DA:166,0
DA:167,0
DA:171,0
DA:172,0
DA:175,0
DA:177,0
DA:178,0
DA:184,1
LF:74
LH:34
BRDA:18,0,0,0
BRDA:18,0,1,1
BRDA:18,1,0,1
BRDA:18,1,1,1
BRDA:18,1,2,1
BRDA:18,1,3,1
BRDA:18,1,4,1
BRDA:27,2,0,0
BRDA:27,2,1,1
BRDA:59,3,0,0
BRDA:59,3,1,0
BRDA:59,4,0,0
BRDA:59,4,1,0
BRDA:59,4,2,0
BRDA:74,5,0,0
BRDA:74,5,1,0
BRDA:83,6,0,0
BRDA:83,6,1,0
BRDA:87,7,0,0
BRDA:87,7,1,0
BRDA:88,8,0,0
BRDA:88,8,1,0
BRDA:100,9,0,0
BRDA:100,9,1,0
BRDA:126,10,0,0
BRDA:126,10,1,1
BRDA:126,11,0,1
BRDA:126,11,1,1
BRDA:138,12,0,0
BRDA:138,12,1,1
BRDA:143,13,0,0
BRDA:143,13,1,1
BRDA:171,14,0,0
BRDA:171,14,1,0
BRF:34
BRH:12
end_of_record
